bool ->  false
falsy ->  NaN
animal ->  Skinks
character ->  d
floating ->  825398931750.912
integer ->  -4856968950841344
natural ->  166106369097728
prime ->  3257
is_prime ->  true
hex ->  525f47f000000
letter ->  s
string ->  SPA2672hY
buffer ->  <Buffer 00 00 00 00 00 00 05 00 00 00 00 00>
paragraph ->  Benizrir sel to tobi omawiod meh la fa suwhol tigeuv ebop koutele. Ta zo fir tuwekcu kobmis hihbo rustah pirdimjal zic riwne zocloj mi siwanoka vihuvat zojonoseb ebacazel sefceboj. Okicet aferu ma iwu vedjibe mar zasfari azise va pagici rabof ana.
sentence ->  Zoton gieru dujroeh ma molejure lidunu ciz ki obugi joc uvsarim wow susto let id mizezik.
syllable ->  sip
word ->  nip
age ->  32
birthday ->  1989-02-05T16:32:01.374Z
cpf ->  266.405.793-67
cnpj ->  11.947.000/0001-10
first ->  Lois
profession ->  Labor Relations Manager
company ->  Kelly Services Inc.
gender ->  Female
last ->  Fernandez
israelId ->  942040775
mrz ->  P<GBRMERLINI<<CORDELIA<<<<<<<<<<<<<<<<<<<<<<4870322082GBR7302161F2611066<<<<<<<<<<<<<<04
name ->  Minnie Martin
name_prefix ->  Miss
prefix ->  Miss
name_prefix ->  Dr.
HIDN ->  252051ML
ssn ->  271-13-9319
aadhar ->  6724 7334 7138
name_suffix ->  D.O.
suffix ->  M.A.
name_suffix ->  III
nationality ->  Indian
android_id ->  APA91VLVDYpViBJ9fuK_kg8SI6BXhRSHasiRICxouHbCMwF-Rq9Hvil1WNHZnWtDgerJhK21VyqCfQc1aperWX2b6LTzEQMqqZYQL1wCwz0nM2UOscaR_hBIAt-kzCIZfbmpEmaUKGQTp48AvAOAch2VIloMNKcqIB4LMc5gm3L5-8HG0ohrOJS
apple_token ->  410bdf544772532ead654364aaf17db606f1d12a1ce9cec29bbdc2fda71f6199
wp8_anid2 ->  OGQzMDUzN2M0YzUyODc0MjcxMzFmYWUxNTE1NDU5ZTQ=
wp7_anid ->  A=65C6F162DF0D56E6A0807C8AE01CCBB4&E=7f8&W=1
bb_pin ->  57ad9726
avatar ->  //www.gravatar.com/avatar/91f66b9eb62fdfffa4de0ec16ecd80a7
color ->  rgb(239,59,201)
domain ->  losom.br
email ->  honmubhu@ni.mm
fbid ->  1000016374182519
hashtag ->  #sihim
ip ->  247.111.42.158
ipv6 ->  f806:c0f0:6eeb:fcf4:8d85:3a4a:94b0:febf
klout ->  69
mac ->  33:6e:da:ef:07:1e
semver ->  >8.4.2
tlds ->  [
  'com', 'org', 'edu', 'gov', 'co.uk', 'net', 'io', 'ac',
  'ad',  'ae',  'af',  'ag',  'ai',    'al',  'am', 'ao',
  'aq',  'ar',  'as',  'at',  'au',    'aw',  'ax', 'az',
  'ba',  'bb',  'bd',  'be',  'bf',    'bg',  'bh', 'bi',
  'bj',  'bm',  'bn',  'bo',  'br',    'bs',  'bt', 'bv',
  'bw',  'by',  'bz',  'ca',  'cc',    'cd',  'cf', 'cg',
  'ch',  'ci',  'ck',  'cl',  'cm',    'cn',  'co', 'cr',
  'cu',  'cv',  'cw',  'cx',  'cy',    'cz',  'de', 'dj',
  'dk',  'dm',  'do',  'dz',  'ec',    'ee',  'eg', 'eh',
  'er',  'es',  'et',  'eu',  'fi',    'fj',  'fk', 'fm',
  'fo',  'fr',  'ga',  'gb',  'gd',    'ge',  'gf', 'gg',
  'gh',  'gi',  'gl',  'gm',  'gn',    'gp',  'gq', 'gr',
  'gs',  'gt',  'gu',  'gw',
  ... 157 more items
]
tld ->  mm
twitter ->  @fofgevuf
url ->  http://sur.cx/jariciwa
port ->  47368
locale ->  ht
locales ->  [
  'aa', 'ab', 'ae', 'af', 'ak', 'am', 'an', 'ar', 'as', 'av',
  'ay', 'az', 'ba', 'be', 'bg', 'bh', 'bi', 'bm', 'bn', 'bo',
  'br', 'bs', 'ca', 'ce', 'ch', 'co', 'cr', 'cs', 'cu', 'cv',
  'cy', 'da', 'de', 'dv', 'dz', 'ee', 'el', 'en', 'eo', 'es',
  'et', 'eu', 'fa', 'ff', 'fi', 'fj', 'fo', 'fr', 'fy', 'ga',
  'gd', 'gl', 'gn', 'gu', 'gv', 'ha', 'he', 'hi', 'ho', 'hr',
  'ht', 'hu', 'hy', 'hz', 'ia', 'id', 'ie', 'ig', 'ii', 'ik',
  'io', 'is', 'it', 'iu', 'ja', 'jv', 'ka', 'kg', 'ki', 'kj',
  'kk', 'kl', 'km', 'kn', 'ko', 'kr', 'ks', 'ku', 'kv', 'kw',
  'ky', 'la', 'lb', 'lg', 'li', 'ln', 'lo', 'lt', 'lu', 'lv',
  ... 84 more items
]
loremPicsum ->  https://picsum.photos/500/500/?random
address ->  722 Gokip River
altitude ->  1261.10286
areacode ->  (309)
city ->  Uhhaaje
coordinates ->  28.7245, -83.55435
countries ->  [
  { name: 'Afghanistan', abbreviation: 'AF' },
  { name: 'Åland Islands', abbreviation: 'AX' },
  { name: 'Albania', abbreviation: 'AL' },
  { name: 'Algeria', abbreviation: 'DZ' },
  { name: 'American Samoa', abbreviation: 'AS' },
  { name: 'Andorra', abbreviation: 'AD' },
  { name: 'Angola', abbreviation: 'AO' },
  { name: 'Anguilla', abbreviation: 'AI' },
  { name: 'Antarctica', abbreviation: 'AQ' },
  { name: 'Antigua & Barbuda', abbreviation: 'AG' },
  { name: 'Argentina', abbreviation: 'AR' },
  { name: 'Armenia', abbreviation: 'AM' },
  { name: 'Aruba', abbreviation: 'AW' },
  { name: 'Ascension Island', abbreviation: 'AC' },
  { name: 'Australia', abbreviation: 'AU' },
  { name: 'Austria', abbreviation: 'AT' },
  { name: 'Azerbaijan', abbreviation: 'AZ' },
  { name: 'Bahamas', abbreviation: 'BS' },
  { name: 'Bahrain', abbreviation: 'BH' },
  { name: 'Bangladesh', abbreviation: 'BD' },
  { name: 'Barbados', abbreviation: 'BB' },
  { name: 'Belarus', abbreviation: 'BY' },
  { name: 'Belgium', abbreviation: 'BE' },
  { name: 'Belize', abbreviation: 'BZ' },
  { name: 'Benin', abbreviation: 'BJ' },
  { name: 'Bermuda', abbreviation: 'BM' },
  { name: 'Bhutan', abbreviation: 'BT' },
  { name: 'Bolivia', abbreviation: 'BO' },
  { name: 'Bosnia & Herzegovina', abbreviation: 'BA' },
  { name: 'Botswana', abbreviation: 'BW' },
  { name: 'Brazil', abbreviation: 'BR' },
  { name: 'British Indian Ocean Territory', abbreviation: 'IO' },
  { name: 'British Virgin Islands', abbreviation: 'VG' },
  { name: 'Brunei', abbreviation: 'BN' },
  { name: 'Bulgaria', abbreviation: 'BG' },
  { name: 'Burkina Faso', abbreviation: 'BF' },
  { name: 'Burundi', abbreviation: 'BI' },
  { name: 'Cambodia', abbreviation: 'KH' },
  { name: 'Cameroon', abbreviation: 'CM' },
  { name: 'Canada', abbreviation: 'CA' },
  { name: 'Canary Islands', abbreviation: 'IC' },
  { name: 'Cape Verde', abbreviation: 'CV' },
  { name: 'Caribbean Netherlands', abbreviation: 'BQ' },
  { name: 'Cayman Islands', abbreviation: 'KY' },
  { name: 'Central African Republic', abbreviation: 'CF' },
  { name: 'Ceuta & Melilla', abbreviation: 'EA' },
  { name: 'Chad', abbreviation: 'TD' },
  { name: 'Chile', abbreviation: 'CL' },
  { name: 'China', abbreviation: 'CN' },
  { name: 'Christmas Island', abbreviation: 'CX' },
  { name: 'Cocos (Keeling) Islands', abbreviation: 'CC' },
  { name: 'Colombia', abbreviation: 'CO' },
  { name: 'Comoros', abbreviation: 'KM' },
  { name: 'Congo - Brazzaville', abbreviation: 'CG' },
  { name: 'Congo - Kinshasa', abbreviation: 'CD' },
  { name: 'Cook Islands', abbreviation: 'CK' },
  { name: 'Costa Rica', abbreviation: 'CR' },
  { name: "Côte d'Ivoire", abbreviation: 'CI' },
  { name: 'Croatia', abbreviation: 'HR' },
  { name: 'Cuba', abbreviation: 'CU' },
  { name: 'Curaçao', abbreviation: 'CW' },
  { name: 'Cyprus', abbreviation: 'CY' },
  { name: 'Czech Republic', abbreviation: 'CZ' },
  { name: 'Denmark', abbreviation: 'DK' },
  { name: 'Diego Garcia', abbreviation: 'DG' },
  { name: 'Djibouti', abbreviation: 'DJ' },
  { name: 'Dominica', abbreviation: 'DM' },
  { name: 'Dominican Republic', abbreviation: 'DO' },
  { name: 'Ecuador', abbreviation: 'EC' },
  { name: 'Egypt', abbreviation: 'EG' },
  { name: 'El Salvador', abbreviation: 'SV' },
  { name: 'Equatorial Guinea', abbreviation: 'GQ' },
  { name: 'Eritrea', abbreviation: 'ER' },
  { name: 'Estonia', abbreviation: 'EE' },
  { name: 'Ethiopia', abbreviation: 'ET' },
  { name: 'Falkland Islands', abbreviation: 'FK' },
  { name: 'Faroe Islands', abbreviation: 'FO' },
  { name: 'Fiji', abbreviation: 'FJ' },
  { name: 'Finland', abbreviation: 'FI' },
  { name: 'France', abbreviation: 'FR' },
  { name: 'French Guiana', abbreviation: 'GF' },
  { name: 'French Polynesia', abbreviation: 'PF' },
  { name: 'French Southern Territories', abbreviation: 'TF' },
  { name: 'Gabon', abbreviation: 'GA' },
  { name: 'Gambia', abbreviation: 'GM' },
  { name: 'Georgia', abbreviation: 'GE' },
  { name: 'Germany', abbreviation: 'DE' },
  { name: 'Ghana', abbreviation: 'GH' },
  { name: 'Gibraltar', abbreviation: 'GI' },
  { name: 'Greece', abbreviation: 'GR' },
  { name: 'Greenland', abbreviation: 'GL' },
  { name: 'Grenada', abbreviation: 'GD' },
  { name: 'Guadeloupe', abbreviation: 'GP' },
  { name: 'Guam', abbreviation: 'GU' },
  { name: 'Guatemala', abbreviation: 'GT' },
  { name: 'Guernsey', abbreviation: 'GG' },
  { name: 'Guinea', abbreviation: 'GN' },
  { name: 'Guinea-Bissau', abbreviation: 'GW' },
  { name: 'Guyana', abbreviation: 'GY' },
  { name: 'Haiti', abbreviation: 'HT' },
  ... 153 more items
]
country ->  HN
depth ->  -6924.88803
geohash ->  uph2bez
geojson ->  -14.16833, 164.47154, 3090.36104
latitude ->  -82.80532
longitude ->  118.22219
phone ->  (803) 977-3814
postal ->  R7L 4N7
postcode ->  HG9H 5PP
counties ->  [
  { name: 'Bath and North East Somerset' },
  { name: 'Aberdeenshire' },
  { name: 'Anglesey' },
  { name: 'Angus' },
  { name: 'Bedford' },
  { name: 'Blackburn with Darwen' },
  { name: 'Blackpool' },
  { name: 'Bournemouth' },
  { name: 'Bracknell Forest' },
  { name: 'Brighton & Hove' },
  { name: 'Bristol' },
  { name: 'Buckinghamshire' },
  { name: 'Cambridgeshire' },
  { name: 'Carmarthenshire' },
  { name: 'Central Bedfordshire' },
  { name: 'Ceredigion' },
  { name: 'Cheshire East' },
  { name: 'Cheshire West and Chester' },
  { name: 'Clackmannanshire' },
  { name: 'Conwy' },
  { name: 'Cornwall' },
  { name: 'County Antrim' },
  { name: 'County Armagh' },
  { name: 'County Down' },
  { name: 'County Durham' },
  { name: 'County Fermanagh' },
  { name: 'County Londonderry' },
  { name: 'County Tyrone' },
  { name: 'Cumbria' },
  { name: 'Darlington' },
  { name: 'Denbighshire' },
  { name: 'Derby' },
  { name: 'Derbyshire' },
  { name: 'Devon' },
  { name: 'Dorset' },
  { name: 'Dumfries and Galloway' },
  { name: 'Dundee' },
  { name: 'East Lothian' },
  { name: 'East Riding of Yorkshire' },
  { name: 'East Sussex' },
  { name: 'Edinburgh?' },
  { name: 'Essex' },
  { name: 'Falkirk' },
  { name: 'Fife' },
  { name: 'Flintshire' },
  { name: 'Gloucestershire' },
  { name: 'Greater London' },
  { name: 'Greater Manchester' },
  { name: 'Gwent' },
  { name: 'Gwynedd' },
  { name: 'Halton' },
  { name: 'Hampshire' },
  { name: 'Hartlepool' },
  { name: 'Herefordshire' },
  { name: 'Hertfordshire' },
  { name: 'Highlands' },
  { name: 'Hull' },
  { name: 'Isle of Wight' },
  { name: 'Isles of Scilly' },
  { name: 'Kent' },
  { name: 'Lancashire' },
  { name: 'Leicester' },
  { name: 'Leicestershire' },
  { name: 'Lincolnshire' },
  { name: 'Lothian' },
  { name: 'Luton' },
  { name: 'Medway' },
  { name: 'Merseyside' },
  { name: 'Mid Glamorgan' },
  { name: 'Middlesbrough' },
  { name: 'Milton Keynes' },
  { name: 'Monmouthshire' },
  { name: 'Moray' },
  { name: 'Norfolk' },
  { name: 'North East Lincolnshire' },
  { name: 'North Lincolnshire' },
  { name: 'North Somerset' },
  { name: 'North Yorkshire' },
  { name: 'Northamptonshire' },
  { name: 'Northumberland' },
  { name: 'Nottingham' },
  { name: 'Nottinghamshire' },
  { name: 'Oxfordshire' },
  { name: 'Pembrokeshire' },
  { name: 'Perth and Kinross' },
  { name: 'Peterborough' },
  { name: 'Plymouth' },
  { name: 'Poole' },
  { name: 'Portsmouth' },
  { name: 'Powys' },
  { name: 'Reading' },
  { name: 'Redcar and Cleveland' },
  { name: 'Rutland' },
  { name: 'Scottish Borders' },
  { name: 'Shropshire' },
  { name: 'Slough' },
  { name: 'Somerset' },
  { name: 'South Glamorgan' },
  { name: 'South Gloucestershire' },
  { name: 'South Yorkshire' },
  ... 29 more items
]
county ->  Ceredigion
provinces ->  [
  { name: 'Alberta', abbreviation: 'AB' },
  { name: 'British Columbia', abbreviation: 'BC' },
  { name: 'Manitoba', abbreviation: 'MB' },
  { name: 'New Brunswick', abbreviation: 'NB' },
  { name: 'Newfoundland and Labrador', abbreviation: 'NL' },
  { name: 'Nova Scotia', abbreviation: 'NS' },
  { name: 'Ontario', abbreviation: 'ON' },
  { name: 'Prince Edward Island', abbreviation: 'PE' },
  { name: 'Quebec', abbreviation: 'QC' },
  { name: 'Saskatchewan', abbreviation: 'SK' },
  { name: 'Northwest Territories', abbreviation: 'NT' },
  { name: 'Nunavut', abbreviation: 'NU' },
  { name: 'Yukon', abbreviation: 'YT' }
]
province ->  BC
state ->  TX
states ->  [
  { name: 'Alabama', abbreviation: 'AL' },
  { name: 'Alaska', abbreviation: 'AK' },
  { name: 'Arizona', abbreviation: 'AZ' },
  { name: 'Arkansas', abbreviation: 'AR' },
  { name: 'California', abbreviation: 'CA' },
  { name: 'Colorado', abbreviation: 'CO' },
  { name: 'Connecticut', abbreviation: 'CT' },
  { name: 'Delaware', abbreviation: 'DE' },
  { name: 'District of Columbia', abbreviation: 'DC' },
  { name: 'Florida', abbreviation: 'FL' },
  { name: 'Georgia', abbreviation: 'GA' },
  { name: 'Hawaii', abbreviation: 'HI' },
  { name: 'Idaho', abbreviation: 'ID' },
  { name: 'Illinois', abbreviation: 'IL' },
  { name: 'Indiana', abbreviation: 'IN' },
  { name: 'Iowa', abbreviation: 'IA' },
  { name: 'Kansas', abbreviation: 'KS' },
  { name: 'Kentucky', abbreviation: 'KY' },
  { name: 'Louisiana', abbreviation: 'LA' },
  { name: 'Maine', abbreviation: 'ME' },
  { name: 'Maryland', abbreviation: 'MD' },
  { name: 'Massachusetts', abbreviation: 'MA' },
  { name: 'Michigan', abbreviation: 'MI' },
  { name: 'Minnesota', abbreviation: 'MN' },
  { name: 'Mississippi', abbreviation: 'MS' },
  { name: 'Missouri', abbreviation: 'MO' },
  { name: 'Montana', abbreviation: 'MT' },
  { name: 'Nebraska', abbreviation: 'NE' },
  { name: 'Nevada', abbreviation: 'NV' },
  { name: 'New Hampshire', abbreviation: 'NH' },
  { name: 'New Jersey', abbreviation: 'NJ' },
  { name: 'New Mexico', abbreviation: 'NM' },
  { name: 'New York', abbreviation: 'NY' },
  { name: 'North Carolina', abbreviation: 'NC' },
  { name: 'North Dakota', abbreviation: 'ND' },
  { name: 'Ohio', abbreviation: 'OH' },
  { name: 'Oklahoma', abbreviation: 'OK' },
  { name: 'Oregon', abbreviation: 'OR' },
  { name: 'Pennsylvania', abbreviation: 'PA' },
  { name: 'Rhode Island', abbreviation: 'RI' },
  { name: 'South Carolina', abbreviation: 'SC' },
  { name: 'South Dakota', abbreviation: 'SD' },
  { name: 'Tennessee', abbreviation: 'TN' },
  { name: 'Texas', abbreviation: 'TX' },
  { name: 'Utah', abbreviation: 'UT' },
  { name: 'Vermont', abbreviation: 'VT' },
  { name: 'Virginia', abbreviation: 'VA' },
  { name: 'Washington', abbreviation: 'WA' },
  { name: 'West Virginia', abbreviation: 'WV' },
  { name: 'Wisconsin', abbreviation: 'WI' },
  { name: 'Wyoming', abbreviation: 'WY' }
]
street ->  Ukojo Park
zip ->  28609
ampm ->  pm
date ->  2021-09-08T03:50:41.053Z
hammertime ->  4123265126795
hour ->  12
millisecond ->  983
minute ->  37
second ->  6
month ->  April
months ->  [
  { name: 'January', short_name: 'Jan', numeric: '01', days: 31 },
  { name: 'February', short_name: 'Feb', numeric: '02', days: 28 },
  { name: 'March', short_name: 'Mar', numeric: '03', days: 31 },
  { name: 'April', short_name: 'Apr', numeric: '04', days: 30 },
  { name: 'May', short_name: 'May', numeric: '05', days: 31 },
  { name: 'June', short_name: 'Jun', numeric: '06', days: 30 },
  { name: 'July', short_name: 'Jul', numeric: '07', days: 31 },
  { name: 'August', short_name: 'Aug', numeric: '08', days: 31 },
  { name: 'September', short_name: 'Sep', numeric: '09', days: 30 },
  { name: 'October', short_name: 'Oct', numeric: '10', days: 31 },
  { name: 'November', short_name: 'Nov', numeric: '11', days: 30 },
  { name: 'December', short_name: 'Dec', numeric: '12', days: 31 }
]
second ->  45
timestamp ->  306840939
weekday ->  Friday
year ->  2077
cc ->  4174147197027288
cc_types ->  [
  {
    name: 'American Express',
    short_name: 'amex',
    prefix: '34',
    length: 15
  },
  {
    name: 'Bankcard',
    short_name: 'bankcard',
    prefix: '5610',
    length: 16
  },
  {
    name: 'China UnionPay',
    short_name: 'chinaunion',
    prefix: '62',
    length: 16
  },
  {
    name: 'Diners Club Carte Blanche',
    short_name: 'dccarte',
    prefix: '300',
    length: 14
  },
  {
    name: 'Diners Club enRoute',
    short_name: 'dcenroute',
    prefix: '2014',
    length: 15
  },
  {
    name: 'Diners Club International',
    short_name: 'dcintl',
    prefix: '36',
    length: 14
  },
  {
    name: 'Diners Club United States & Canada',
    short_name: 'dcusc',
    prefix: '54',
    length: 16
  },
  {
    name: 'Discover Card',
    short_name: 'discover',
    prefix: '6011',
    length: 16
  },
  {
    name: 'InstaPayment',
    short_name: 'instapay',
    prefix: '637',
    length: 16
  },
  { name: 'JCB', short_name: 'jcb', prefix: '3528', length: 16 },
  { name: 'Laser', short_name: 'laser', prefix: '6304', length: 16 },
  {
    name: 'Maestro',
    short_name: 'maestro',
    prefix: '5018',
    length: 16
  },
  { name: 'Mastercard', short_name: 'mc', prefix: '51', length: 16 },
  { name: 'Solo', short_name: 'solo', prefix: '6334', length: 16 },
  { name: 'Switch', short_name: 'switch', prefix: '4903', length: 16 },
  { name: 'Visa', short_name: 'visa', prefix: '4', length: 16 },
  {
    name: 'Visa Electron',
    short_name: 'electron',
    prefix: '4026',
    length: 16
  }
]
cc_type ->  Diners Club Carte Blanche
currency ->  { code: 'ZAR', name: 'South Africa Rand' }
timezones ->  [
  {
    name: 'Dateline Standard Time',
    abbr: 'DST',
    offset: -12,
    isdst: false,
    text: '(UTC-12:00) International Date Line West',
    utc: [ 'Etc/GMT+12' ]
  },
  {
    name: 'UTC-11',
    abbr: 'U',
    offset: -11,
    isdst: false,
    text: '(UTC-11:00) Coordinated Universal Time-11',
    utc: [
      'Etc/GMT+11',
      'Pacific/Midway',
      'Pacific/Niue',
      'Pacific/Pago_Pago'
    ]
  },
  {
    name: 'Hawaiian Standard Time',
    abbr: 'HST',
    offset: -10,
    isdst: false,
    text: '(UTC-10:00) Hawaii',
    utc: [
      'Etc/GMT+10',
      'Pacific/Honolulu',
      'Pacific/Johnston',
      'Pacific/Rarotonga',
      'Pacific/Tahiti'
    ]
  },
  {
    name: 'Alaskan Standard Time',
    abbr: 'AKDT',
    offset: -8,
    isdst: true,
    text: '(UTC-09:00) Alaska',
    utc: [
      'America/Anchorage',
      'America/Juneau',
      'America/Nome',
      'America/Sitka',
      'America/Yakutat'
    ]
  },
  {
    name: 'Pacific Standard Time (Mexico)',
    abbr: 'PDT',
    offset: -7,
    isdst: true,
    text: '(UTC-08:00) Baja California',
    utc: [ 'America/Santa_Isabel' ]
  },
  {
    name: 'Pacific Daylight Time',
    abbr: 'PDT',
    offset: -7,
    isdst: true,
    text: '(UTC-07:00) Pacific Time (US & Canada)',
    utc: [
      'America/Dawson',
      'America/Los_Angeles',
      'America/Tijuana',
      'America/Vancouver',
      'America/Whitehorse'
    ]
  },
  {
    name: 'Pacific Standard Time',
    abbr: 'PST',
    offset: -8,
    isdst: false,
    text: '(UTC-08:00) Pacific Time (US & Canada)',
    utc: [
      'America/Dawson',
      'America/Los_Angeles',
      'America/Tijuana',
      'America/Vancouver',
      'America/Whitehorse',
      'PST8PDT'
    ]
  },
  {
    name: 'US Mountain Standard Time',
    abbr: 'UMST',
    offset: -7,
    isdst: false,
    text: '(UTC-07:00) Arizona',
    utc: [
      'America/Creston',
      'America/Dawson_Creek',
      'America/Hermosillo',
      'America/Phoenix',
      'Etc/GMT+7'
    ]
  },
  {
    name: 'Mountain Standard Time (Mexico)',
    abbr: 'MDT',
    offset: -6,
    isdst: true,
    text: '(UTC-07:00) Chihuahua, La Paz, Mazatlan',
    utc: [ 'America/Chihuahua', 'America/Mazatlan' ]
  },
  {
    name: 'Mountain Standard Time',
    abbr: 'MDT',
    offset: -6,
    isdst: true,
    text: '(UTC-07:00) Mountain Time (US & Canada)',
    utc: [
      'America/Boise',
      'America/Cambridge_Bay',
      'America/Denver',
      'America/Edmonton',
      'America/Inuvik',
      'America/Ojinaga',
      'America/Yellowknife',
      'MST7MDT'
    ]
  },
  {
    name: 'Central America Standard Time',
    abbr: 'CAST',
    offset: -6,
    isdst: false,
    text: '(UTC-06:00) Central America',
    utc: [
      'America/Belize',
      'America/Costa_Rica',
      'America/El_Salvador',
      'America/Guatemala',
      'America/Managua',
      'America/Tegucigalpa',
      'Etc/GMT+6',
      'Pacific/Galapagos'
    ]
  },
  {
    name: 'Central Standard Time',
    abbr: 'CDT',
    offset: -5,
    isdst: true,
    text: '(UTC-06:00) Central Time (US & Canada)',
    utc: [
      'America/Chicago',
      'America/Indiana/Knox',
      'America/Indiana/Tell_City',
      'America/Matamoros',
      'America/Menominee',
      'America/North_Dakota/Beulah',
      'America/North_Dakota/Center',
      'America/North_Dakota/New_Salem',
      'America/Rainy_River',
      'America/Rankin_Inlet',
      'America/Resolute',
      'America/Winnipeg',
      'CST6CDT'
    ]
  },
  {
    name: 'Central Standard Time (Mexico)',
    abbr: 'CDT',
    offset: -5,
    isdst: true,
    text: '(UTC-06:00) Guadalajara, Mexico City, Monterrey',
    utc: [
      'America/Bahia_Banderas',
      'America/Cancun',
      'America/Merida',
      'America/Mexico_City',
      'America/Monterrey'
    ]
  },
  {
    name: 'Canada Central Standard Time',
    abbr: 'CCST',
    offset: -6,
    isdst: false,
    text: '(UTC-06:00) Saskatchewan',
    utc: [ 'America/Regina', 'America/Swift_Current' ]
  },
  {
    name: 'SA Pacific Standard Time',
    abbr: 'SPST',
    offset: -5,
    isdst: false,
    text: '(UTC-05:00) Bogota, Lima, Quito',
    utc: [
      'America/Bogota',
      'America/Cayman',
      'America/Coral_Harbour',
      'America/Eirunepe',
      'America/Guayaquil',
      'America/Jamaica',
      'America/Lima',
      'America/Panama',
      'America/Rio_Branco',
      'Etc/GMT+5'
    ]
  },
  {
    name: 'Eastern Standard Time',
    abbr: 'EDT',
    offset: -4,
    isdst: true,
    text: '(UTC-05:00) Eastern Time (US & Canada)',
    utc: [
      'America/Detroit',
      'America/Havana',
      'America/Indiana/Petersburg',
      'America/Indiana/Vincennes',
      'America/Indiana/Winamac',
      'America/Iqaluit',
      'America/Kentucky/Monticello',
      'America/Louisville',
      'America/Montreal',
      'America/Nassau',
      'America/New_York',
      'America/Nipigon',
      'America/Pangnirtung',
      'America/Port-au-Prince',
      'America/Thunder_Bay',
      'America/Toronto',
      'EST5EDT'
    ]
  },
  {
    name: 'US Eastern Standard Time',
    abbr: 'UEDT',
    offset: -4,
    isdst: true,
    text: '(UTC-05:00) Indiana (East)',
    utc: [
      'America/Indiana/Marengo',
      'America/Indiana/Vevay',
      'America/Indianapolis'
    ]
  },
  {
    name: 'Venezuela Standard Time',
    abbr: 'VST',
    offset: -4.5,
    isdst: false,
    text: '(UTC-04:30) Caracas',
    utc: [ 'America/Caracas' ]
  },
  {
    name: 'Paraguay Standard Time',
    abbr: 'PYT',
    offset: -4,
    isdst: false,
    text: '(UTC-04:00) Asuncion',
    utc: [ 'America/Asuncion' ]
  },
  {
    name: 'Atlantic Standard Time',
    abbr: 'ADT',
    offset: -3,
    isdst: true,
    text: '(UTC-04:00) Atlantic Time (Canada)',
    utc: [
      'America/Glace_Bay',
      'America/Goose_Bay',
      'America/Halifax',
      'America/Moncton',
      'America/Thule',
      'Atlantic/Bermuda'
    ]
  },
  {
    name: 'Central Brazilian Standard Time',
    abbr: 'CBST',
    offset: -4,
    isdst: false,
    text: '(UTC-04:00) Cuiaba',
    utc: [ 'America/Campo_Grande', 'America/Cuiaba' ]
  },
  {
    name: 'SA Western Standard Time',
    abbr: 'SWST',
    offset: -4,
    isdst: false,
    text: '(UTC-04:00) Georgetown, La Paz, Manaus, San Juan',
    utc: [
      'America/Anguilla',      'America/Antigua',
      'America/Aruba',         'America/Barbados',
      'America/Blanc-Sablon',  'America/Boa_Vista',
      'America/Curacao',       'America/Dominica',
      'America/Grand_Turk',    'America/Grenada',
      'America/Guadeloupe',    'America/Guyana',
      'America/Kralendijk',    'America/La_Paz',
      'America/Lower_Princes', 'America/Manaus',
      'America/Marigot',       'America/Martinique',
      'America/Montserrat',    'America/Port_of_Spain',
      'America/Porto_Velho',   'America/Puerto_Rico',
      'America/Santo_Domingo', 'America/St_Barthelemy',
      'America/St_Kitts',      'America/St_Lucia',
      'America/St_Thomas',     'America/St_Vincent',
      'America/Tortola',       'Etc/GMT+4'
    ]
  },
  {
    name: 'Pacific SA Standard Time',
    abbr: 'PSST',
    offset: -4,
    isdst: false,
    text: '(UTC-04:00) Santiago',
    utc: [ 'America/Santiago', 'Antarctica/Palmer' ]
  },
  {
    name: 'Newfoundland Standard Time',
    abbr: 'NDT',
    offset: -2.5,
    isdst: true,
    text: '(UTC-03:30) Newfoundland',
    utc: [ 'America/St_Johns' ]
  },
  {
    name: 'E. South America Standard Time',
    abbr: 'ESAST',
    offset: -3,
    isdst: false,
    text: '(UTC-03:00) Brasilia',
    utc: [ 'America/Sao_Paulo' ]
  },
  {
    name: 'Argentina Standard Time',
    abbr: 'AST',
    offset: -3,
    isdst: false,
    text: '(UTC-03:00) Buenos Aires',
    utc: [
      'America/Argentina/La_Rioja',
      'America/Argentina/Rio_Gallegos',
      'America/Argentina/Salta',
      'America/Argentina/San_Juan',
      'America/Argentina/San_Luis',
      'America/Argentina/Tucuman',
      'America/Argentina/Ushuaia',
      'America/Buenos_Aires',
      'America/Catamarca',
      'America/Cordoba',
      'America/Jujuy',
      'America/Mendoza'
    ]
  },
  {
    name: 'SA Eastern Standard Time',
    abbr: 'SEST',
    offset: -3,
    isdst: false,
    text: '(UTC-03:00) Cayenne, Fortaleza',
    utc: [
      'America/Araguaina',
      'America/Belem',
      'America/Cayenne',
      'America/Fortaleza',
      'America/Maceio',
      'America/Paramaribo',
      'America/Recife',
      'America/Santarem',
      'Antarctica/Rothera',
      'Atlantic/Stanley',
      'Etc/GMT+3'
    ]
  },
  {
    name: 'Greenland Standard Time',
    abbr: 'GDT',
    offset: -3,
    isdst: true,
    text: '(UTC-03:00) Greenland',
    utc: [ 'America/Godthab' ]
  },
  {
    name: 'Montevideo Standard Time',
    abbr: 'MST',
    offset: -3,
    isdst: false,
    text: '(UTC-03:00) Montevideo',
    utc: [ 'America/Montevideo' ]
  },
  {
    name: 'Bahia Standard Time',
    abbr: 'BST',
    offset: -3,
    isdst: false,
    text: '(UTC-03:00) Salvador',
    utc: [ 'America/Bahia' ]
  },
  {
    name: 'UTC-02',
    abbr: 'U',
    offset: -2,
    isdst: false,
    text: '(UTC-02:00) Coordinated Universal Time-02',
    utc: [ 'America/Noronha', 'Atlantic/South_Georgia', 'Etc/GMT+2' ]
  },
  {
    name: 'Mid-Atlantic Standard Time',
    abbr: 'MDT',
    offset: -1,
    isdst: true,
    text: '(UTC-02:00) Mid-Atlantic - Old',
    utc: []
  },
  {
    name: 'Azores Standard Time',
    abbr: 'ADT',
    offset: 0,
    isdst: true,
    text: '(UTC-01:00) Azores',
    utc: [ 'America/Scoresbysund', 'Atlantic/Azores' ]
  },
  {
    name: 'Cape Verde Standard Time',
    abbr: 'CVST',
    offset: -1,
    isdst: false,
    text: '(UTC-01:00) Cape Verde Is.',
    utc: [ 'Atlantic/Cape_Verde', 'Etc/GMT+1' ]
  },
  {
    name: 'Morocco Standard Time',
    abbr: 'MDT',
    offset: 1,
    isdst: true,
    text: '(UTC) Casablanca',
    utc: [ 'Africa/Casablanca', 'Africa/El_Aaiun' ]
  },
  {
    name: 'UTC',
    abbr: 'UTC',
    offset: 0,
    isdst: false,
    text: '(UTC) Coordinated Universal Time',
    utc: [ 'America/Danmarkshavn', 'Etc/GMT' ]
  },
  {
    name: 'GMT Standard Time',
    abbr: 'GMT',
    offset: 0,
    isdst: false,
    text: '(UTC) Edinburgh, London',
    utc: [
      'Europe/Isle_of_Man',
      'Europe/Guernsey',
      'Europe/Jersey',
      'Europe/London'
    ]
  },
  {
    name: 'British Summer Time',
    abbr: 'BST',
    offset: 1,
    isdst: true,
    text: '(UTC+01:00) Edinburgh, London',
    utc: [
      'Europe/Isle_of_Man',
      'Europe/Guernsey',
      'Europe/Jersey',
      'Europe/London'
    ]
  },
  {
    name: 'GMT Standard Time',
    abbr: 'GDT',
    offset: 1,
    isdst: true,
    text: '(UTC) Dublin, Lisbon',
    utc: [
      'Atlantic/Canary',
      'Atlantic/Faeroe',
      'Atlantic/Madeira',
      'Europe/Dublin',
      'Europe/Lisbon'
    ]
  },
  {
    name: 'Greenwich Standard Time',
    abbr: 'GST',
    offset: 0,
    isdst: false,
    text: '(UTC) Monrovia, Reykjavik',
    utc: [
      'Africa/Abidjan',
      'Africa/Accra',
      'Africa/Bamako',
      'Africa/Banjul',
      'Africa/Bissau',
      'Africa/Conakry',
      'Africa/Dakar',
      'Africa/Freetown',
      'Africa/Lome',
      'Africa/Monrovia',
      'Africa/Nouakchott',
      'Africa/Ouagadougou',
      'Africa/Sao_Tome',
      'Atlantic/Reykjavik',
      'Atlantic/St_Helena'
    ]
  },
  {
    name: 'W. Europe Standard Time',
    abbr: 'WEDT',
    offset: 2,
    isdst: true,
    text: '(UTC+01:00) Amsterdam, Berlin, Bern, Rome, Stockholm, Vienna',
    utc: [
      'Arctic/Longyearbyen', 'Europe/Amsterdam',
      'Europe/Andorra',      'Europe/Berlin',
      'Europe/Busingen',     'Europe/Gibraltar',
      'Europe/Luxembourg',   'Europe/Malta',
      'Europe/Monaco',       'Europe/Oslo',
      'Europe/Rome',         'Europe/San_Marino',
      'Europe/Stockholm',    'Europe/Vaduz',
      'Europe/Vatican',      'Europe/Vienna',
      'Europe/Zurich'
    ]
  },
  {
    name: 'Central Europe Standard Time',
    abbr: 'CEDT',
    offset: 2,
    isdst: true,
    text: '(UTC+01:00) Belgrade, Bratislava, Budapest, Ljubljana, Prague',
    utc: [
      'Europe/Belgrade',
      'Europe/Bratislava',
      'Europe/Budapest',
      'Europe/Ljubljana',
      'Europe/Podgorica',
      'Europe/Prague',
      'Europe/Tirane'
    ]
  },
  {
    name: 'Romance Standard Time',
    abbr: 'RDT',
    offset: 2,
    isdst: true,
    text: '(UTC+01:00) Brussels, Copenhagen, Madrid, Paris',
    utc: [
      'Africa/Ceuta',
      'Europe/Brussels',
      'Europe/Copenhagen',
      'Europe/Madrid',
      'Europe/Paris'
    ]
  },
  {
    name: 'Central European Standard Time',
    abbr: 'CEDT',
    offset: 2,
    isdst: true,
    text: '(UTC+01:00) Sarajevo, Skopje, Warsaw, Zagreb',
    utc: [
      'Europe/Sarajevo',
      'Europe/Skopje',
      'Europe/Warsaw',
      'Europe/Zagreb'
    ]
  },
  {
    name: 'W. Central Africa Standard Time',
    abbr: 'WCAST',
    offset: 1,
    isdst: false,
    text: '(UTC+01:00) West Central Africa',
    utc: [
      'Africa/Algiers',
      'Africa/Bangui',
      'Africa/Brazzaville',
      'Africa/Douala',
      'Africa/Kinshasa',
      'Africa/Lagos',
      'Africa/Libreville',
      'Africa/Luanda',
      'Africa/Malabo',
      'Africa/Ndjamena',
      'Africa/Niamey',
      'Africa/Porto-Novo',
      'Africa/Tunis',
      'Etc/GMT-1'
    ]
  },
  {
    name: 'Namibia Standard Time',
    abbr: 'NST',
    offset: 1,
    isdst: false,
    text: '(UTC+01:00) Windhoek',
    utc: [ 'Africa/Windhoek' ]
  },
  {
    name: 'GTB Standard Time',
    abbr: 'GDT',
    offset: 3,
    isdst: true,
    text: '(UTC+02:00) Athens, Bucharest',
    utc: [
      'Asia/Nicosia',
      'Europe/Athens',
      'Europe/Bucharest',
      'Europe/Chisinau'
    ]
  },
  {
    name: 'Middle East Standard Time',
    abbr: 'MEDT',
    offset: 3,
    isdst: true,
    text: '(UTC+02:00) Beirut',
    utc: [ 'Asia/Beirut' ]
  },
  {
    name: 'Egypt Standard Time',
    abbr: 'EST',
    offset: 2,
    isdst: false,
    text: '(UTC+02:00) Cairo',
    utc: [ 'Africa/Cairo' ]
  },
  {
    name: 'Syria Standard Time',
    abbr: 'SDT',
    offset: 3,
    isdst: true,
    text: '(UTC+02:00) Damascus',
    utc: [ 'Asia/Damascus' ]
  },
  {
    name: 'E. Europe Standard Time',
    abbr: 'EEDT',
    offset: 3,
    isdst: true,
    text: '(UTC+02:00) E. Europe',
    utc: [
      'Asia/Nicosia',
      'Europe/Athens',
      'Europe/Bucharest',
      'Europe/Chisinau',
      'Europe/Helsinki',
      'Europe/Kiev',
      'Europe/Mariehamn',
      'Europe/Nicosia',
      'Europe/Riga',
      'Europe/Sofia',
      'Europe/Tallinn',
      'Europe/Uzhgorod',
      'Europe/Vilnius',
      'Europe/Zaporozhye'
    ]
  },
  {
    name: 'South Africa Standard Time',
    abbr: 'SAST',
    offset: 2,
    isdst: false,
    text: '(UTC+02:00) Harare, Pretoria',
    utc: [
      'Africa/Blantyre',
      'Africa/Bujumbura',
      'Africa/Gaborone',
      'Africa/Harare',
      'Africa/Johannesburg',
      'Africa/Kigali',
      'Africa/Lubumbashi',
      'Africa/Lusaka',
      'Africa/Maputo',
      'Africa/Maseru',
      'Africa/Mbabane',
      'Etc/GMT-2'
    ]
  },
  {
    name: 'FLE Standard Time',
    abbr: 'FDT',
    offset: 3,
    isdst: true,
    text: '(UTC+02:00) Helsinki, Kyiv, Riga, Sofia, Tallinn, Vilnius',
    utc: [
      'Europe/Helsinki',
      'Europe/Kiev',
      'Europe/Mariehamn',
      'Europe/Riga',
      'Europe/Sofia',
      'Europe/Tallinn',
      'Europe/Uzhgorod',
      'Europe/Vilnius',
      'Europe/Zaporozhye'
    ]
  },
  {
    name: 'Turkey Standard Time',
    abbr: 'TDT',
    offset: 3,
    isdst: false,
    text: '(UTC+03:00) Istanbul',
    utc: [ 'Europe/Istanbul' ]
  },
  {
    name: 'Israel Standard Time',
    abbr: 'JDT',
    offset: 3,
    isdst: true,
    text: '(UTC+02:00) Jerusalem',
    utc: [ 'Asia/Jerusalem' ]
  },
  {
    name: 'Libya Standard Time',
    abbr: 'LST',
    offset: 2,
    isdst: false,
    text: '(UTC+02:00) Tripoli',
    utc: [ 'Africa/Tripoli' ]
  },
  {
    name: 'Jordan Standard Time',
    abbr: 'JST',
    offset: 3,
    isdst: false,
    text: '(UTC+03:00) Amman',
    utc: [ 'Asia/Amman' ]
  },
  {
    name: 'Arabic Standard Time',
    abbr: 'AST',
    offset: 3,
    isdst: false,
    text: '(UTC+03:00) Baghdad',
    utc: [ 'Asia/Baghdad' ]
  },
  {
    name: 'Kaliningrad Standard Time',
    abbr: 'KST',
    offset: 3,
    isdst: false,
    text: '(UTC+02:00) Kaliningrad',
    utc: [ 'Europe/Kaliningrad' ]
  },
  {
    name: 'Arab Standard Time',
    abbr: 'AST',
    offset: 3,
    isdst: false,
    text: '(UTC+03:00) Kuwait, Riyadh',
    utc: [
      'Asia/Aden',
      'Asia/Bahrain',
      'Asia/Kuwait',
      'Asia/Qatar',
      'Asia/Riyadh'
    ]
  },
  {
    name: 'E. Africa Standard Time',
    abbr: 'EAST',
    offset: 3,
    isdst: false,
    text: '(UTC+03:00) Nairobi',
    utc: [
      'Africa/Addis_Ababa',
      'Africa/Asmera',
      'Africa/Dar_es_Salaam',
      'Africa/Djibouti',
      'Africa/Juba',
      'Africa/Kampala',
      'Africa/Khartoum',
      'Africa/Mogadishu',
      'Africa/Nairobi',
      'Antarctica/Syowa',
      'Etc/GMT-3',
      'Indian/Antananarivo',
      'Indian/Comoro',
      'Indian/Mayotte'
    ]
  },
  {
    name: 'Moscow Standard Time',
    abbr: 'MSK',
    offset: 3,
    isdst: false,
    text: '(UTC+03:00) Moscow, St. Petersburg, Volgograd, Minsk',
    utc: [
      'Europe/Kirov',
      'Europe/Moscow',
      'Europe/Simferopol',
      'Europe/Volgograd',
      'Europe/Minsk'
    ]
  },
  {
    name: 'Samara Time',
    abbr: 'SAMT',
    offset: 4,
    isdst: false,
    text: '(UTC+04:00) Samara, Ulyanovsk, Saratov',
    utc: [ 'Europe/Astrakhan', 'Europe/Samara', 'Europe/Ulyanovsk' ]
  },
  {
    name: 'Iran Standard Time',
    abbr: 'IDT',
    offset: 4.5,
    isdst: true,
    text: '(UTC+03:30) Tehran',
    utc: [ 'Asia/Tehran' ]
  },
  {
    name: 'Arabian Standard Time',
    abbr: 'AST',
    offset: 4,
    isdst: false,
    text: '(UTC+04:00) Abu Dhabi, Muscat',
    utc: [ 'Asia/Dubai', 'Asia/Muscat', 'Etc/GMT-4' ]
  },
  {
    name: 'Azerbaijan Standard Time',
    abbr: 'ADT',
    offset: 5,
    isdst: true,
    text: '(UTC+04:00) Baku',
    utc: [ 'Asia/Baku' ]
  },
  {
    name: 'Mauritius Standard Time',
    abbr: 'MST',
    offset: 4,
    isdst: false,
    text: '(UTC+04:00) Port Louis',
    utc: [ 'Indian/Mahe', 'Indian/Mauritius', 'Indian/Reunion' ]
  },
  {
    name: 'Georgian Standard Time',
    abbr: 'GET',
    offset: 4,
    isdst: false,
    text: '(UTC+04:00) Tbilisi',
    utc: [ 'Asia/Tbilisi' ]
  },
  {
    name: 'Caucasus Standard Time',
    abbr: 'CST',
    offset: 4,
    isdst: false,
    text: '(UTC+04:00) Yerevan',
    utc: [ 'Asia/Yerevan' ]
  },
  {
    name: 'Afghanistan Standard Time',
    abbr: 'AST',
    offset: 4.5,
    isdst: false,
    text: '(UTC+04:30) Kabul',
    utc: [ 'Asia/Kabul' ]
  },
  {
    name: 'West Asia Standard Time',
    abbr: 'WAST',
    offset: 5,
    isdst: false,
    text: '(UTC+05:00) Ashgabat, Tashkent',
    utc: [
      'Antarctica/Mawson',
      'Asia/Aqtau',
      'Asia/Aqtobe',
      'Asia/Ashgabat',
      'Asia/Dushanbe',
      'Asia/Oral',
      'Asia/Samarkand',
      'Asia/Tashkent',
      'Etc/GMT-5',
      'Indian/Kerguelen',
      'Indian/Maldives'
    ]
  },
  {
    name: 'Yekaterinburg Time',
    abbr: 'YEKT',
    offset: 5,
    isdst: false,
    text: '(UTC+05:00) Yekaterinburg',
    utc: [ 'Asia/Yekaterinburg' ]
  },
  {
    name: 'Pakistan Standard Time',
    abbr: 'PKT',
    offset: 5,
    isdst: false,
    text: '(UTC+05:00) Islamabad, Karachi',
    utc: [ 'Asia/Karachi' ]
  },
  {
    name: 'India Standard Time',
    abbr: 'IST',
    offset: 5.5,
    isdst: false,
    text: '(UTC+05:30) Chennai, Kolkata, Mumbai, New Delhi',
    utc: [ 'Asia/Kolkata' ]
  },
  {
    name: 'Sri Lanka Standard Time',
    abbr: 'SLST',
    offset: 5.5,
    isdst: false,
    text: '(UTC+05:30) Sri Jayawardenepura',
    utc: [ 'Asia/Colombo' ]
  },
  {
    name: 'Nepal Standard Time',
    abbr: 'NST',
    offset: 5.75,
    isdst: false,
    text: '(UTC+05:45) Kathmandu',
    utc: [ 'Asia/Kathmandu' ]
  },
  {
    name: 'Central Asia Standard Time',
    abbr: 'CAST',
    offset: 6,
    isdst: false,
    text: '(UTC+06:00) Nur-Sultan (Astana)',
    utc: [
      'Antarctica/Vostok',
      'Asia/Almaty',
      'Asia/Bishkek',
      'Asia/Qyzylorda',
      'Asia/Urumqi',
      'Etc/GMT-6',
      'Indian/Chagos'
    ]
  },
  {
    name: 'Bangladesh Standard Time',
    abbr: 'BST',
    offset: 6,
    isdst: false,
    text: '(UTC+06:00) Dhaka',
    utc: [ 'Asia/Dhaka', 'Asia/Thimphu' ]
  },
  {
    name: 'Myanmar Standard Time',
    abbr: 'MST',
    offset: 6.5,
    isdst: false,
    text: '(UTC+06:30) Yangon (Rangoon)',
    utc: [ 'Asia/Rangoon', 'Indian/Cocos' ]
  },
  {
    name: 'SE Asia Standard Time',
    abbr: 'SAST',
    offset: 7,
    isdst: false,
    text: '(UTC+07:00) Bangkok, Hanoi, Jakarta',
    utc: [
      'Antarctica/Davis',
      'Asia/Bangkok',
      'Asia/Hovd',
      'Asia/Jakarta',
      'Asia/Phnom_Penh',
      'Asia/Pontianak',
      'Asia/Saigon',
      'Asia/Vientiane',
      'Etc/GMT-7',
      'Indian/Christmas'
    ]
  },
  {
    name: 'N. Central Asia Standard Time',
    abbr: 'NCAST',
    offset: 7,
    isdst: false,
    text: '(UTC+07:00) Novosibirsk',
    utc: [ 'Asia/Novokuznetsk', 'Asia/Novosibirsk', 'Asia/Omsk' ]
  },
  {
    name: 'China Standard Time',
    abbr: 'CST',
    offset: 8,
    isdst: false,
    text: '(UTC+08:00) Beijing, Chongqing, Hong Kong, Urumqi',
    utc: [ 'Asia/Hong_Kong', 'Asia/Macau', 'Asia/Shanghai' ]
  },
  {
    name: 'North Asia Standard Time',
    abbr: 'NAST',
    offset: 8,
    isdst: false,
    text: '(UTC+08:00) Krasnoyarsk',
    utc: [ 'Asia/Krasnoyarsk' ]
  },
  {
    name: 'Singapore Standard Time',
    abbr: 'MPST',
    offset: 8,
    isdst: false,
    text: '(UTC+08:00) Kuala Lumpur, Singapore',
    utc: [
      'Asia/Brunei',
      'Asia/Kuala_Lumpur',
      'Asia/Kuching',
      'Asia/Makassar',
      'Asia/Manila',
      'Asia/Singapore',
      'Etc/GMT-8'
    ]
  },
  {
    name: 'W. Australia Standard Time',
    abbr: 'WAST',
    offset: 8,
    isdst: false,
    text: '(UTC+08:00) Perth',
    utc: [ 'Antarctica/Casey', 'Australia/Perth' ]
  },
  {
    name: 'Taipei Standard Time',
    abbr: 'TST',
    offset: 8,
    isdst: false,
    text: '(UTC+08:00) Taipei',
    utc: [ 'Asia/Taipei' ]
  },
  {
    name: 'Ulaanbaatar Standard Time',
    abbr: 'UST',
    offset: 8,
    isdst: false,
    text: '(UTC+08:00) Ulaanbaatar',
    utc: [ 'Asia/Choibalsan', 'Asia/Ulaanbaatar' ]
  },
  {
    name: 'North Asia East Standard Time',
    abbr: 'NAEST',
    offset: 8,
    isdst: false,
    text: '(UTC+08:00) Irkutsk',
    utc: [ 'Asia/Irkutsk' ]
  },
  {
    name: 'Japan Standard Time',
    abbr: 'JST',
    offset: 9,
    isdst: false,
    text: '(UTC+09:00) Osaka, Sapporo, Tokyo',
    utc: [
      'Asia/Dili',
      'Asia/Jayapura',
      'Asia/Tokyo',
      'Etc/GMT-9',
      'Pacific/Palau'
    ]
  },
  {
    name: 'Korea Standard Time',
    abbr: 'KST',
    offset: 9,
    isdst: false,
    text: '(UTC+09:00) Seoul',
    utc: [ 'Asia/Pyongyang', 'Asia/Seoul' ]
  },
  {
    name: 'Cen. Australia Standard Time',
    abbr: 'CAST',
    offset: 9.5,
    isdst: false,
    text: '(UTC+09:30) Adelaide',
    utc: [ 'Australia/Adelaide', 'Australia/Broken_Hill' ]
  },
  {
    name: 'AUS Central Standard Time',
    abbr: 'ACST',
    offset: 9.5,
    isdst: false,
    text: '(UTC+09:30) Darwin',
    utc: [ 'Australia/Darwin' ]
  },
  {
    name: 'E. Australia Standard Time',
    abbr: 'EAST',
    offset: 10,
    isdst: false,
    text: '(UTC+10:00) Brisbane',
    utc: [ 'Australia/Brisbane', 'Australia/Lindeman' ]
  },
  {
    name: 'AUS Eastern Standard Time',
    abbr: 'AEST',
    offset: 10,
    isdst: false,
    text: '(UTC+10:00) Canberra, Melbourne, Sydney',
    utc: [ 'Australia/Melbourne', 'Australia/Sydney' ]
  },
  {
    name: 'West Pacific Standard Time',
    abbr: 'WPST',
    offset: 10,
    isdst: false,
    text: '(UTC+10:00) Guam, Port Moresby',
    utc: [
      'Antarctica/DumontDUrville',
      'Etc/GMT-10',
      'Pacific/Guam',
      'Pacific/Port_Moresby',
      'Pacific/Saipan',
      'Pacific/Truk'
    ]
  },
  {
    name: 'Tasmania Standard Time',
    abbr: 'TST',
    offset: 10,
    isdst: false,
    text: '(UTC+10:00) Hobart',
    utc: [ 'Australia/Currie', 'Australia/Hobart' ]
  },
  {
    name: 'Yakutsk Standard Time',
    abbr: 'YST',
    offset: 9,
    isdst: false,
    text: '(UTC+09:00) Yakutsk',
    utc: [ 'Asia/Chita', 'Asia/Khandyga', 'Asia/Yakutsk' ]
  },
  {
    name: 'Central Pacific Standard Time',
    abbr: 'CPST',
    offset: 11,
    isdst: false,
    text: '(UTC+11:00) Solomon Is., New Caledonia',
    utc: [
      'Antarctica/Macquarie',
      'Etc/GMT-11',
      'Pacific/Efate',
      'Pacific/Guadalcanal',
      'Pacific/Kosrae',
      'Pacific/Noumea',
      'Pacific/Ponape'
    ]
  },
  {
    name: 'Vladivostok Standard Time',
    abbr: 'VST',
    offset: 11,
    isdst: false,
    text: '(UTC+11:00) Vladivostok',
    utc: [ 'Asia/Sakhalin', 'Asia/Ust-Nera', 'Asia/Vladivostok' ]
  },
  {
    name: 'New Zealand Standard Time',
    abbr: 'NZST',
    offset: 12,
    isdst: false,
    text: '(UTC+12:00) Auckland, Wellington',
    utc: [ 'Antarctica/McMurdo', 'Pacific/Auckland' ]
  },
  ... 6 more items
]
timezone ->  {
  name: 'W. Australia Standard Time',
  abbr: 'WAST',
  offset: 8,
  isdst: false,
  text: '(UTC+08:00) Perth',
  utc: [ 'Antarctica/Casey', 'Australia/Perth' ]
}
dollar ->  $7376.98
euro ->  8,295.49€
exp ->  10/2023
exp_month ->  12
exp_year ->  2030
vat ->  04225350455
iban ->  PA80QH8Z000000004753168965566464
it_vat ->  09312920235
cf ->  BSCSFO99R53C264K
pl_pesel ->  57959083516
pl_nip ->  7509311599
pl_regon ->  476509255
note ->  D
midi_note ->  113
chord ->  G♭7
tempo ->  99
coin ->  tails
d4 ->  2
d6 ->  2
d8 ->  2
d10 ->  2
d12 ->  4
d20 ->  11
d30 ->  5
d100 ->  15
guid ->  e8b8b726-8136-55e4-8c09-be99a728fc57
hash ->  a6c42b625682ceba543500620e8dbcf1a2f9d5a8
md5 ->  c8e53ac6a9c44dd17f61953f03d11731
file ->  gasa.psd
mac_address ->  C5:9C:23:00:DD:2A
normal ->  0.7329114257389456
radio ->  WNCQ
tv ->  WSCA
cnpj ->  92.524.752/0001-70
emotion ->  joy
blueimp_md5 ->  BlueImpMD5 {}
